[0m[[0m[0mdebug[0m] [0m[0m> Exec(run, Some(fa7e0711-a70b-428e-a5d3-fb775bbfd1f9), Some(CommandSource(console0)))[0m
[0m[[0m[0mdebug[0m] [0m[0mEvaluating tasks: Compile / run[0m
[0m[[0m[0mdebug[0m] [0m[0mRunning task... Cancel: Signal, check cycles: false, forcegc: true[0m
[0m[[0m[0minfo[0m] [0m[0mcompiling 1 Scala source to /Users/dashygo/Dev/Hardware/projects/opts/target/scala-2.13/classes ...[0m
[0m[[0m[31merror[0m] [0m[0mchisel3.package$ExpectedChiselTypeException: wire type 'UInt<16>(0)' must be a Chisel type, not hardware[0m
[0m[[0m[31merror[0m] [0m[0m	at ... ()[0m
[0m[[0m[31merror[0m] [0m[0m	at dds.SineWave.$anonfun$freq_step$2(dds.scala:16)[0m
[0m[[0m[31merror[0m] [0m[0m	at chisel3.experimental.prefix$.apply(prefix.scala:50)[0m
[0m[[0m[31merror[0m] [0m[0m	at dds.SineWave.$anonfun$freq_step$1(dds.scala:16)[0m
[0m[[0m[31merror[0m] [0m[0m	at chisel3.internal.plugin.package$.autoNameRecursively(package.scala:33)[0m
[0m[[0m[31merror[0m] [0m[0m	at dds.SineWave.<init>(dds.scala:16)[0m
[0m[[0m[31merror[0m] [0m[0m	at dds.DDS$.$anonfun$code$1(frontend.scala:13)[0m
[0m[[0m[31merror[0m] [0m[0m	at chisel3.Module$.evaluate(Module.scala:88)[0m
[0m[[0m[31merror[0m] [0m[0m	at chisel3.Module$.do_apply(Module.scala:35)[0m
[0m[[0m[31merror[0m] [0m[0m	at chisel3.stage.phases.Elaborate.$anonfun$transform$2(Elaborate.scala:53)[0m
[0m[[0m[31merror[0m] [0m[0m	at chisel3.internal.Builder$.$anonfun$buildImpl$1(Builder.scala:1044)[0m
[0m[[0m[31merror[0m] [0m[0m	at scala.util.DynamicVariable.withValue(DynamicVariable.scala:59)[0m
[0m[[0m[31merror[0m] [0m[0m	at chisel3.internal.Builder$.buildImpl(Builder.scala:1034)[0m
[0m[[0m[31merror[0m] [0m[0m	at chisel3.internal.Builder$.$anonfun$build$1(Builder.scala:1025)[0m
[0m[[0m[31merror[0m] [0m[0m	at logger.Logger$.$anonfun$makeScope$4(Logger.scala:148)[0m
[0m[[0m[31merror[0m] [0m[0m	at scala.util.DynamicVariable.withValue(DynamicVariable.scala:59)[0m
[0m[[0m[31merror[0m] [0m[0m	at logger.Logger$.makeScope(Logger.scala:146)[0m
[0m[[0m[31merror[0m] [0m[0m	at logger.Logger$.makeScope(Logger.scala:133)[0m
[0m[[0m[31merror[0m] [0m[0m	at ... ()[0m
[0m[[0m[31merror[0m] [0m[0m	at ... (Stack trace trimmed to user code only. Rerun with --full-stacktrace to see the full stack trace)[0m
[0m[[0m[31merror[0m] [0m[0m(Compile / [31mrun[0m) chisel3.package$ExpectedChiselTypeException: wire type 'UInt<16>(0)' must be a Chisel type, not hardware[0m
[0m[[0m[31merror[0m] [0m[0mTotal time: 4 s, completed 2025å¹´3æœˆ17æ—¥ ä¸Šåˆ11:22:14[0m
[0m[[0m[0mdebug[0m] [0m[0m> Exec(shell, None, None)[0m
