[0m[[0m[0mdebug[0m] [0m[0m> Exec(run, Some(01315bca-4f4b-45f1-81b5-cc26cfe05d67), Some(CommandSource(console0)))[0m
[0m[[0m[0mdebug[0m] [0m[0mEvaluating tasks: Compile / run[0m
[0m[[0m[0mdebug[0m] [0m[0mRunning task... Cancel: Signal, check cycles: false, forcegc: true[0m
[0m[[0m[31merror[0m] [0m[0mchisel3.package$ChiselException: Connection between sink (TrigCore.io.phase_delta: IO[UInt<24>]) and source (FMCore.trig_io_phase_delta_?: OpResult[SInt<37>]) failed @: Sink (UInt<24>) and Source (SInt<37>) have different types.[0m
[0m[[0m[31merror[0m] [0m[0m	at ... ()[0m
[0m[[0m[31merror[0m] [0m[0m	at fm.FMCore.<init>(fm.scala:21)[0m
[0m[[0m[31merror[0m] [0m[0m	at fm.FM$.$anonfun$code$1(frontend.scala:12)[0m
[0m[[0m[31merror[0m] [0m[0m	at chisel3.Module$.evaluate(Module.scala:88)[0m
[0m[[0m[31merror[0m] [0m[0m	at chisel3.Module$.do_apply(Module.scala:35)[0m
[0m[[0m[31merror[0m] [0m[0m	at chisel3.stage.phases.Elaborate.$anonfun$transform$2(Elaborate.scala:53)[0m
[0m[[0m[31merror[0m] [0m[0m	at chisel3.internal.Builder$.$anonfun$buildImpl$1(Builder.scala:1044)[0m
[0m[[0m[31merror[0m] [0m[0m	at scala.util.DynamicVariable.withValue(DynamicVariable.scala:59)[0m
[0m[[0m[31merror[0m] [0m[0m	at chisel3.internal.Builder$.buildImpl(Builder.scala:1034)[0m
[0m[[0m[31merror[0m] [0m[0m	at chisel3.internal.Builder$.$anonfun$build$1(Builder.scala:1025)[0m
[0m[[0m[31merror[0m] [0m[0m	at logger.Logger$.$anonfun$makeScope$4(Logger.scala:148)[0m
[0m[[0m[31merror[0m] [0m[0m	at scala.util.DynamicVariable.withValue(DynamicVariable.scala:59)[0m
[0m[[0m[31merror[0m] [0m[0m	at logger.Logger$.makeScope(Logger.scala:146)[0m
[0m[[0m[31merror[0m] [0m[0m	at logger.Logger$.makeScope(Logger.scala:133)[0m
[0m[[0m[31merror[0m] [0m[0m	at ... ()[0m
[0m[[0m[31merror[0m] [0m[0m	at ... (Stack trace trimmed to user code only. Rerun with --full-stacktrace to see the full stack trace)[0m
[0m[[0m[31merror[0m] [0m[0m(Compile / [31mrun[0m) chisel3.package$ChiselException: Connection between sink (TrigCore.io.phase_delta: IO[UInt<24>]) and source (FMCore.trig_io_phase_delta_?: OpResult[SInt<37>]) failed @: Sink (UInt<24>) and Source (SInt<37>) have different types.[0m
[0m[[0m[31merror[0m] [0m[0mTotal time: 2 s, completed 2025å¹´3æœˆ17æ—¥ ä¸‹åˆ8:33:57[0m
[0m[[0m[0mdebug[0m] [0m[0m> Exec(shell, None, None)[0m
