[0m[[0m[0mdebug[0m] [0m[0m> Exec(run, Some(171f15cd-3158-42e0-88f7-9617ea9ef6b7), Some(CommandSource(console0)))[0m
[0m[[0m[0mdebug[0m] [0m[0mEvaluating tasks: Compile / run[0m
[0m[[0m[0mdebug[0m] [0m[0mRunning task... Cancel: Signal, check cycles: false, forcegc: true[0m
[0m[[0m[0minfo[0m] [0m[0mcompiling 1 Scala source to /Users/dashygo/Dev/Hardware/projects/opts/target/scala-2.13/classes ...[0m
[0m[[0m[31merror[0m] [0m[0mcirct.stage.phases.Exceptions$FirtoolNonZeroExitCode: /Users/dashygo/Library/Caches/org.chipsalliance.llvm-firtool/1.62.1/bin/firtool returned a non-zero exit code. Note that this version of Chisel (6.7.0) was published against firtool version 1.62.1.[0m
[0m[[0m[31merror[0m] [0m[0m------------------------------------------------------------------------------[0m
[0m[[0m[31merror[0m] [0m[0mExitCode:[0m
[0m[[0m[31merror[0m] [0m[0m1[0m
[0m[[0m[31merror[0m] [0m[0mSTDOUT:[0m
[0m[[0m[31merror[0m] [0m[0m[0m
[0m[[0m[31merror[0m] [0m[0mSTDERR:[0m
[0m[[0m[31merror[0m] [0m[0msrc/main/scala/fft/r2mdc.scala:25:37: error: sink "" not fully initialized in "R2MDC"[0m
[0m[[0m[31merror[0m] [0m[0m  val butterfly = Seq.fill(n)(Module(new Butterfly(width, bp)))[0m
[0m[[0m[31merror[0m] [0m[0m                                    ^[0m
[0m[[0m[31merror[0m] [0m[0msrc/main/scala/fft/r2mdc.scala:25:37: error: sink "" not fully initialized in "R2MDC"[0m
[0m[[0m[31merror[0m] [0m[0m  val butterfly = Seq.fill(n)(Module(new Butterfly(width, bp)))[0m
[0m[[0m[31merror[0m] [0m[0m                                    ^[0m
[0m[[0m[31merror[0m] [0m[0msrc/main/scala/fft/r2mdc.scala:25:37: error: sink "" not fully initialized in "R2MDC"[0m
[0m[[0m[31merror[0m] [0m[0m  val butterfly = Seq.fill(n)(Module(new Butterfly(width, bp)))[0m
[0m[[0m[31merror[0m] [0m[0m                                    ^[0m
[0m[[0m[31merror[0m] [0m[0msrc/main/scala/fft/r2mdc.scala:25:37: error: sink "" not fully initialized in "R2MDC"[0m
[0m[[0m[31merror[0m] [0m[0m  val butterfly = Seq.fill(n)(Module(new Butterfly(width, bp)))[0m
[0m[[0m[31merror[0m] [0m[0m                                    ^[0m
[0m[[0m[31merror[0m] [0m[0msrc/main/scala/fft/r2mdc.scala:25:37: error: sink "" not fully initialized in "R2MDC"[0m
[0m[[0m[31merror[0m] [0m[0m  val butterfly = Seq.fill(n)(Module(new Butterfly(width, bp)))[0m
[0m[[0m[31merror[0m] [0m[0m                                    ^[0m
[0m[[0m[31merror[0m] [0m[0msrc/main/scala/fft/r2mdc.scala:25:37: error: sink "" not fully initialized in "R2MDC"[0m
[0m[[0m[31merror[0m] [0m[0m  val butterfly = Seq.fill(n)(Module(new Butterfly(width, bp)))[0m
[0m[[0m[31merror[0m] [0m[0m                                    ^[0m
[0m[[0m[31merror[0m] [0m[0msrc/main/scala/fft/r2mdc.scala:25:37: error: sink "" not fully initialized in "R2MDC"[0m
[0m[[0m[31merror[0m] [0m[0m  val butterfly = Seq.fill(n)(Module(new Butterfly(width, bp)))[0m
[0m[[0m[31merror[0m] [0m[0m                                    ^[0m
[0m[[0m[31merror[0m] [0m[0msrc/main/scala/fft/r2mdc.scala:25:37: error: sink "" not fully initialized in "R2MDC"[0m
[0m[[0m[31merror[0m] [0m[0m  val butterfly = Seq.fill(n)(Module(new Butterfly(width, bp)))[0m
[0m[[0m[31merror[0m] [0m[0m                                    ^[0m
[0m[[0m[31merror[0m] [0m[0msrc/main/scala/fft/r2mdc.scala:25:37: error: sink "" not fully initialized in "R2MDC"[0m
[0m[[0m[31merror[0m] [0m[0m  val butterfly = Seq.fill(n)(Module(new Butterfly(width, bp)))[0m
[0m[[0m[31merror[0m] [0m[0m                                    ^[0m
[0m[[0m[31merror[0m] [0m[0msrc/main/scala/fft/r2mdc.scala:25:37: error: sink "" not fully initialized in "R2MDC"[0m
[0m[[0m[31merror[0m] [0m[0m  val butterfly = Seq.fill(n)(Module(new Butterfly(width, bp)))[0m
[0m[[0m[31merror[0m] [0m[0m                                    ^[0m
[0m[[0m[31merror[0m] [0m[0msrc/main/scala/fft/r2mdc.scala:25:37: error: sink "" not fully initialized in "R2MDC"[0m
[0m[[0m[31merror[0m] [0m[0m  val butterfly = Seq.fill(n)(Module(new Butterfly(width, bp)))[0m
[0m[[0m[31merror[0m] [0m[0m                                    ^[0m
[0m[[0m[31merror[0m] [0m[0msrc/main/scala/fft/r2mdc.scala:25:37: error: sink "" not fully initialized in "R2MDC"[0m
[0m[[0m[31merror[0m] [0m[0m  val butterfly = Seq.fill(n)(Module(new Butterfly(width, bp)))[0m
[0m[[0m[31merror[0m] [0m[0m                                    ^[0m
[0m[[0m[31merror[0m] [0m[0msrc/main/scala/fft/r2mdc.scala:25:37: error: sink "" not fully initialized in "R2MDC"[0m
[0m[[0m[31merror[0m] [0m[0m  val butterfly = Seq.fill(n)(Module(new Butterfly(width, bp)))[0m
[0m[[0m[31merror[0m] [0m[0m                                    ^[0m
[0m[[0m[31merror[0m] [0m[0msrc/main/scala/fft/r2mdc.scala:25:37: error: sink "" not fully initialized in "R2MDC"[0m
[0m[[0m[31merror[0m] [0m[0m  val butterfly = Seq.fill(n)(Module(new Butterfly(width, bp)))[0m
[0m[[0m[31merror[0m] [0m[0m                                    ^[0m
[0m[[0m[31merror[0m] [0m[0msrc/main/scala/fft/r2mdc.scala:25:37: error: sink "" not fully initialized in "R2MDC"[0m
[0m[[0m[31merror[0m] [0m[0m  val butterfly = Seq.fill(n)(Module(new Butterfly(width, bp)))[0m
[0m[[0m[31merror[0m] [0m[0m                                    ^[0m
[0m[[0m[31merror[0m] [0m[0msrc/main/scala/fft/r2mdc.scala:25:37: error: sink "" not fully initialized in "R2MDC"[0m
[0m[[0m[31merror[0m] [0m[0m  val butterfly = Seq.fill(n)(Module(new Butterfly(width, bp)))[0m
[0m[[0m[31merror[0m] [0m[0m                                    ^[0m
[0m[[0m[31merror[0m] [0m[0msrc/main/scala/fft/r2mdc.scala:25:37: error: sink "" not fully initialized in "R2MDC"[0m
[0m[[0m[31merror[0m] [0m[0m  val butterfly = Seq.fill(n)(Module(new Butterfly(width, bp)))[0m
[0m[[0m[31merror[0m] [0m[0m                                    ^[0m
[0m[[0m[31merror[0m] [0m[0msrc/main/scala/fft/r2mdc.scala:25:37: error: sink "" not fully initialized in "R2MDC"[0m
[0m[[0m[31merror[0m] [0m[0m  val butterfly = Seq.fill(n)(Module(new Butterfly(width, bp)))[0m
[0m[[0m[31merror[0m] [0m[0m                                    ^[0m
[0m[[0m[31merror[0m] [0m[0msrc/main/scala/fft/r2mdc.scala:25:37: error: sink "" not fully initialized in "R2MDC"[0m
[0m[[0m[31merror[0m] [0m[0m  val butterfly = Seq.fill(n)(Module(new Butterfly(width, bp)))[0m
[0m[[0m[31merror[0m] [0m[0m                                    ^[0m
[0m[[0m[31merror[0m] [0m[0msrc/main/scala/fft/r2mdc.scala:25:37: error: sink "" not fully initialized in "R2MDC"[0m
[0m[[0m[31merror[0m] [0m[0m  val butterfly = Seq.fill(n)(Module(new Butterfly(width, bp)))[0m
[0m[[0m[31merror[0m] [0m[0m                                    ^[0m
[0m[[0m[31merror[0m] [0m[0msrc/main/scala/fft/r2mdc.scala:25:37: error: sink "" not fully initialized in "R2MDC"[0m
[0m[[0m[31merror[0m] [0m[0m  val butterfly = Seq.fill(n)(Module(new Butterfly(width, bp)))[0m
[0m[[0m[31merror[0m] [0m[0m                                    ^[0m
[0m[[0m[31merror[0m] [0m[0msrc/main/scala/fft/r2mdc.scala:25:37: error: sink "" not fully initialized in "R2MDC"[0m
[0m[[0m[31merror[0m] [0m[0m  val butterfly = Seq.fill(n)(Module(new Butterfly(width, bp)))[0m
[0m[[0m[31merror[0m] [0m[0m                                    ^[0m
[0m[[0m[31merror[0m] [0m[0msrc/main/scala/fft/r2mdc.scala:25:37: error: sink "" not fully initialized in "R2MDC"[0m
[0m[[0m[31merror[0m] [0m[0m  val butterfly = Seq.fill(n)(Module(new Butterfly(width, bp)))[0m
[0m[[0m[31merror[0m] [0m[0m                                    ^[0m
[0m[[0m[31merror[0m] [0m[0msrc/main/scala/fft/r2mdc.scala:25:37: error: sink "" not fully initialized in "R2MDC"[0m
[0m[[0m[31merror[0m] [0m[0m  val butterfly = Seq.fill(n)(Module(new Butterfly(width, bp)))[0m
[0m[[0m[31merror[0m] [0m[0m                                    ^[0m
[0m[[0m[31merror[0m] [0m[0m[0m
[0m[[0m[31merror[0m] [0m[0m------------------------------------------------------------------------------[0m
[0m[[0m[31merror[0m] [0m[0m(Compile / [31mrun[0m) circt.stage.phases.Exceptions$FirtoolNonZeroExitCode: /Users/dashygo/Library/Caches/org.chipsalliance.llvm-firtool/1.62.1/bin/firtool returned a non-zero exit code. Note that this version of Chisel (6.7.0) was published against firtool version 1.62.1.[0m
[0m[[0m[31merror[0m] [0m[0m------------------------------------------------------------------------------[0m
[0m[[0m[31merror[0m] [0m[0mExitCode:[0m
[0m[[0m[31merror[0m] [0m[0m1[0m
[0m[[0m[31merror[0m] [0m[0mSTDOUT:[0m
[0m[[0m[31merror[0m] [0m[0m[0m
[0m[[0m[31merror[0m] [0m[0mSTDERR:[0m
[0m[[0m[31merror[0m] [0m[0msrc/main/scala/fft/r2mdc.scala:25:37: error: sink "" not fully initialized in "R2MDC"[0m
[0m[[0m[31merror[0m] [0m[0m  val butterfly = Seq.fill(n)(Module(new Butterfly(width, bp)))[0m
[0m[[0m[31merror[0m] [0m[0m                                    ^[0m
[0m[[0m[31merror[0m] [0m[0msrc/main/scala/fft/r2mdc.scala:25:37: error: sink "" not fully initialized in "R2MDC"[0m
[0m[[0m[31merror[0m] [0m[0m  val butterfly = Seq.fill(n)(Module(new Butterfly(width, bp)))[0m
[0m[[0m[31merror[0m] [0m[0m                                    ^[0m
[0m[[0m[31merror[0m] [0m[0msrc/main/scala/fft/r2mdc.scala:25:37: error: sink "" not fully initialized in "R2MDC"[0m
[0m[[0m[31merror[0m] [0m[0m  val butterfly = Seq.fill(n)(Module(new Butterfly(width, bp)))[0m
[0m[[0m[31merror[0m] [0m[0m                                    ^[0m
[0m[[0m[31merror[0m] [0m[0msrc/main/scala/fft/r2mdc.scala:25:37: error: sink "" not fully initialized in "R2MDC"[0m
[0m[[0m[31merror[0m] [0m[0m  val butterfly = Seq.fill(n)(Module(new Butterfly(width, bp)))[0m
[0m[[0m[31merror[0m] [0m[0m                                    ^[0m
[0m[[0m[31merror[0m] [0m[0msrc/main/scala/fft/r2mdc.scala:25:37: error: sink "" not fully initialized in "R2MDC"[0m
[0m[[0m[31merror[0m] [0m[0m  val butterfly = Seq.fill(n)(Module(new Butterfly(width, bp)))[0m
[0m[[0m[31merror[0m] [0m[0m                                    ^[0m
[0m[[0m[31merror[0m] [0m[0msrc/main/scala/fft/r2mdc.scala:25:37: error: sink "" not fully initialized in "R2MDC"[0m
[0m[[0m[31merror[0m] [0m[0m  val butterfly = Seq.fill(n)(Module(new Butterfly(width, bp)))[0m
[0m[[0m[31merror[0m] [0m[0m                                    ^[0m
[0m[[0m[31merror[0m] [0m[0msrc/main/scala/fft/r2mdc.scala:25:37: error: sink "" not fully initialized in "R2MDC"[0m
[0m[[0m[31merror[0m] [0m[0m  val butterfly = Seq.fill(n)(Module(new Butterfly(width, bp)))[0m
[0m[[0m[31merror[0m] [0m[0m                                    ^[0m
[0m[[0m[31merror[0m] [0m[0msrc/main/scala/fft/r2mdc.scala:25:37: error: sink "" not fully initialized in "R2MDC"[0m
[0m[[0m[31merror[0m] [0m[0m  val butterfly = Seq.fill(n)(Module(new Butterfly(width, bp)))[0m
[0m[[0m[31merror[0m] [0m[0m                                    ^[0m
[0m[[0m[31merror[0m] [0m[0msrc/main/scala/fft/r2mdc.scala:25:37: error: sink "" not fully initialized in "R2MDC"[0m
[0m[[0m[31merror[0m] [0m[0m  val butterfly = Seq.fill(n)(Module(new Butterfly(width, bp)))[0m
[0m[[0m[31merror[0m] [0m[0m                                    ^[0m
[0m[[0m[31merror[0m] [0m[0msrc/main/scala/fft/r2mdc.scala:25:37: error: sink "" not fully initialized in "R2MDC"[0m
[0m[[0m[31merror[0m] [0m[0m  val butterfly = Seq.fill(n)(Module(new Butterfly(width, bp)))[0m
[0m[[0m[31merror[0m] [0m[0m                                    ^[0m
[0m[[0m[31merror[0m] [0m[0msrc/main/scala/fft/r2mdc.scala:25:37: error: sink "" not fully initialized in "R2MDC"[0m
[0m[[0m[31merror[0m] [0m[0m  val butterfly = Seq.fill(n)(Module(new Butterfly(width, bp)))[0m
[0m[[0m[31merror[0m] [0m[0m                                    ^[0m
[0m[[0m[31merror[0m] [0m[0msrc/main/scala/fft/r2mdc.scala:25:37: error: sink "" not fully initialized in "R2MDC"[0m
[0m[[0m[31merror[0m] [0m[0m  val butterfly = Seq.fill(n)(Module(new Butterfly(width, bp)))[0m
[0m[[0m[31merror[0m] [0m[0m                                    ^[0m
[0m[[0m[31merror[0m] [0m[0msrc/main/scala/fft/r2mdc.scala:25:37: error: sink "" not fully initialized in "R2MDC"[0m
[0m[[0m[31merror[0m] [0m[0m  val butterfly = Seq.fill(n)(Module(new Butterfly(width, bp)))[0m
[0m[[0m[31merror[0m] [0m[0m                                    ^[0m
[0m[[0m[31merror[0m] [0m[0msrc/main/scala/fft/r2mdc.scala:25:37: error: sink "" not fully initialized in "R2MDC"[0m
[0m[[0m[31merror[0m] [0m[0m  val butterfly = Seq.fill(n)(Module(new Butterfly(width, bp)))[0m
[0m[[0m[31merror[0m] [0m[0m                                    ^[0m
[0m[[0m[31merror[0m] [0m[0msrc/main/scala/fft/r2mdc.scala:25:37: error: sink "" not fully initialized in "R2MDC"[0m
[0m[[0m[31merror[0m] [0m[0m  val butterfly = Seq.fill(n)(Module(new Butterfly(width, bp)))[0m
[0m[[0m[31merror[0m] [0m[0m                                    ^[0m
[0m[[0m[31merror[0m] [0m[0msrc/main/scala/fft/r2mdc.scala:25:37: error: sink "" not fully initialized in "R2MDC"[0m
[0m[[0m[31merror[0m] [0m[0m  val butterfly = Seq.fill(n)(Module(new Butterfly(width, bp)))[0m
[0m[[0m[31merror[0m] [0m[0m                                    ^[0m
[0m[[0m[31merror[0m] [0m[0msrc/main/scala/fft/r2mdc.scala:25:37: error: sink "" not fully initialized in "R2MDC"[0m
[0m[[0m[31merror[0m] [0m[0m  val butterfly = Seq.fill(n)(Module(new Butterfly(width, bp)))[0m
[0m[[0m[31merror[0m] [0m[0m                                    ^[0m
[0m[[0m[31merror[0m] [0m[0msrc/main/scala/fft/r2mdc.scala:25:37: error: sink "" not fully initialized in "R2MDC"[0m
[0m[[0m[31merror[0m] [0m[0m  val butterfly = Seq.fill(n)(Module(new Butterfly(width, bp)))[0m
[0m[[0m[31merror[0m] [0m[0m                                    ^[0m
[0m[[0m[31merror[0m] [0m[0msrc/main/scala/fft/r2mdc.scala:25:37: error: sink "" not fully initialized in "R2MDC"[0m
[0m[[0m[31merror[0m] [0m[0m  val butterfly = Seq.fill(n)(Module(new Butterfly(width, bp)))[0m
[0m[[0m[31merror[0m] [0m[0m                                    ^[0m
[0m[[0m[31merror[0m] [0m[0msrc/main/scala/fft/r2mdc.scala:25:37: error: sink "" not fully initialized in "R2MDC"[0m
[0m[[0m[31merror[0m] [0m[0m  val butterfly = Seq.fill(n)(Module(new Butterfly(width, bp)))[0m
[0m[[0m[31merror[0m] [0m[0m                                    ^[0m
[0m[[0m[31merror[0m] [0m[0msrc/main/scala/fft/r2mdc.scala:25:37: error: sink "" not fully initialized in "R2MDC"[0m
[0m[[0m[31merror[0m] [0m[0m  val butterfly = Seq.fill(n)(Module(new Butterfly(width, bp)))[0m
[0m[[0m[31merror[0m] [0m[0m                                    ^[0m
[0m[[0m[31merror[0m] [0m[0msrc/main/scala/fft/r2mdc.scala:25:37: error: sink "" not fully initialized in "R2MDC"[0m
[0m[[0m[31merror[0m] [0m[0m  val butterfly = Seq.fill(n)(Module(new Butterfly(width, bp)))[0m
[0m[[0m[31merror[0m] [0m[0m                                    ^[0m
[0m[[0m[31merror[0m] [0m[0msrc/main/scala/fft/r2mdc.scala:25:37: error: sink "" not fully initialized in "R2MDC"[0m
[0m[[0m[31merror[0m] [0m[0m  val butterfly = Seq.fill(n)(Module(new Butterfly(width, bp)))[0m
[0m[[0m[31merror[0m] [0m[0m                                    ^[0m
[0m[[0m[31merror[0m] [0m[0msrc/main/scala/fft/r2mdc.scala:25:37: error: sink "" not fully initialized in "R2MDC"[0m
[0m[[0m[31merror[0m] [0m[0m  val butterfly = Seq.fill(n)(Module(new Butterfly(width, bp)))[0m
[0m[[0m[31merror[0m] [0m[0m                                    ^[0m
[0m[[0m[31merror[0m] [0m[0m[0m
[0m[[0m[31merror[0m] [0m[0m------------------------------------------------------------------------------[0m
[0m[[0m[31merror[0m] [0m[0mTotal time: 5 s, completed 2025å¹´3æœˆ11æ—¥ ä¸‹åˆ11:54:53[0m
[0m[[0m[0mdebug[0m] [0m[0m> Exec(shell, None, None)[0m
[0m[[0m[0mdebug[0m] [0m[0mForcing garbage collection...[0m
